<?xml version="1.0" encoding="UTF-8"?>
<testsuite name="Calculator tests" tests="5" skipped="4" failures="0" errors="0" timestamp="2023-03-22T06:46:17" hostname="DESKTOP-294827C" time="1.019">
  <properties/>
  <testcase name="Test subtract method" classname="com.jathursh.demo.CalculatorTest" time="0.002">
    <skipped/>
  </testcase>
  <testcase name="Test divide method" classname="com.jathursh.demo.CalculatorTest" time="0.001">
    <skipped/>
  </testcase>
  <testcase name="Test add method" classname="com.jathursh.demo.CalculatorTest" time="1.013"/>
  <testcase name="Test multiply method" classname="com.jathursh.demo.CalculatorTest" time="0.0">
    <skipped/>
  </testcase>
  <testcase name="Test isSumAllowed method" classname="com.jathursh.demo.CalculatorTest" time="0.0">
    <skipped/>
  </testcase>
  <system-out><![CDATA[Numbers are too large.. It's going to take time
]]></system-out>
  <system-err><![CDATA[]]></system-err>
</testsuite>
