<?xml version="1.0" encoding="UTF-8"?>
<testsuite name="All the exception test cases" tests="1" skipped="0" failures="0" errors="0" timestamp="2023-03-22T06:46:24" hostname="DESKTOP-294827C" time="0.002">
  <properties/>
  <testcase name="Test add method" classname="com.jathursh.demo.CalculatorTest$ExceptionCases" time="0.002"/>
  <system-out><![CDATA[]]></system-out>
  <system-err><![CDATA[]]></system-err>
</testsuite>
