<?xml version="1.0" encoding="UTF-8"?>
<testsuite name="All the positive test cases" tests="1" skipped="0" failures="0" errors="0" timestamp="2023-03-22T06:46:17" hostname="DESKTOP-294827C" time="0.009">
  <properties/>
  <testcase name="Test add method" classname="com.jathursh.demo.calculatorAddTest$PositiveCases" time="0.009"/>
  <system-out><![CDATA[]]></system-out>
  <system-err><![CDATA[]]></system-err>
</testsuite>
